<?xml version="1.0" encoding="UTF-8"?>
<!-- Generated by org.testng.reporters.JUnitReportReporter -->
<testsuite hostname="DESKTOP-CH47220" failures="0" tests="3" name="resttesting.trelloGetBoard" time="4.760" errors="0" timestamp="15 Mar 2022 08:57:49 GMT">
  <testcase classname="resttesting.trelloGetBoard" name="DeleteBoard" time="0.798"/>
  <testcase classname="resttesting.trelloGetBoard" name="createBoard" time="3.344"/>
  <testcase classname="resttesting.trelloGetBoard" name="getBoard" time="0.618"/>
</testsuite> <!-- resttesting.trelloGetBoard -->
