<?xml version="1.0" encoding="UTF-8"?>
<!-- Generated by org.testng.reporters.JUnitReportReporter -->
<testsuite hostname="DESKTOP-CH47220" failures="0" tests="1" name="resttesting.trello" time="3.031" errors="0" timestamp="15 Mar 2022 07:46:42 GMT">
  <testcase classname="resttesting.trello" name="createBoard" time="3.031"/>
</testsuite> <!-- resttesting.trello -->
