<?xml version="1.0" encoding="UTF-8"?>
<!-- Generated by org.testng.reporters.JUnitReportReporter -->
<testsuite hostname="DESKTOP-CH47220" failures="0" tests="2" name="resttesting.testNG" time="0.017" errors="0" timestamp="14 Mar 2022 15:37:34 GMT">
  <testcase classname="resttesting.testNG" name="testcase2" time="0.006"/>
  <testcase classname="resttesting.testNG" name="testcase1" time="0.011"/>
</testsuite> <!-- resttesting.testNG -->
